
/home/runner/work/exp-special-curves-dei/exp-special-curves-dei/experiment/simulation/js/main.js
    12:10  warning  'drop' is defined but never used              no-unused-vars
    21:41  warning  'evt' is defined but never used               no-unused-vars
    34:10  warning  'drop2' is defined but never used             no-unused-vars
    40:9   warning  'arrow1' is assigned a value but never used   no-unused-vars
    48:41  warning  'evt' is defined but never used               no-unused-vars
    63:10  warning  'drop3' is defined but never used             no-unused-vars
    76:41  warning  'evt' is defined but never used               no-unused-vars
    90:10  warning  'drop4' is defined but never used             no-unused-vars
    95:9   warning  'arrow12' is assigned a value but never used  no-unused-vars
   103:41  warning  'evt' is defined but never used               no-unused-vars
   110:7   warning  'arrow19' is not defined                      no-undef
   118:10  warning  'gif1' is defined but never used              no-unused-vars
   123:3   warning  'myTimeout' is not defined                    no-undef
   132:10  warning  'gif2' is defined but never used              no-unused-vars
   135:3   warning  'myTimeout' is not defined                    no-undef
   145:10  warning  'gif3' is defined but never used              no-unused-vars
   150:3   warning  'myTimeout' is not defined                    no-undef
   157:10  warning  'gif4' is defined but never used              no-unused-vars
   162:3   warning  'myTimeout' is not defined                    no-undef
   170:10  warning  'gif5' is defined but never used              no-unused-vars
   175:3   warning  'myTimeout' is not defined                    no-undef
   183:10  warning  'gif7' is defined but never used              no-unused-vars
   188:3   warning  'myTimeout' is not defined                    no-undef
   196:10  warning  'gif8' is defined but never used              no-unused-vars
   201:3   warning  'myTimeout' is not defined                    no-undef
   210:10  warning  'gif9' is defined but never used              no-unused-vars
   215:3   warning  'myTimeout' is not defined                    no-undef
   224:10  warning  'gif10' is defined but never used             no-unused-vars
   228:3   warning  'myTimeout' is not defined                    no-undef
   235:10  warning  'gif11' is defined but never used             no-unused-vars
   240:3   warning  'myTimeout' is not defined                    no-undef
   248:10  warning  'gif12' is defined but never used             no-unused-vars
   253:3   warning  'myTimeout' is not defined                    no-undef
   261:10  warning  'gif13' is defined but never used             no-unused-vars
   266:3   warning  'myTimeout' is not defined                    no-undef
   275:10  warning  'gif14' is defined but never used             no-unused-vars
   280:3   warning  'myTimeout' is not defined                    no-undef
   288:10  warning  'gif15' is defined but never used             no-unused-vars
   292:3   warning  'myTimeout' is not defined                    no-undef
   300:10  warning  'gif16' is defined but never used             no-unused-vars
   305:3   warning  'myTimeout' is not defined                    no-undef
   313:10  warning  'gif18' is defined but never used             no-unused-vars
   318:3   warning  'myTimeout' is not defined                    no-undef
   326:10  warning  'gif19' is defined but never used             no-unused-vars
   331:3   warning  'myTimeout' is not defined                    no-undef
   339:10  warning  'gif20' is defined but never used             no-unused-vars
   344:3   warning  'myTimeout' is not defined                    no-undef
   352:10  warning  'gif21' is defined but never used             no-unused-vars
   357:3   warning  'myTimeout' is not defined                    no-undef
   366:10  warning  'gif22' is defined but never used             no-unused-vars
   371:3   warning  'myTimeout' is not defined                    no-undef
   377:10  warning  'gif59' is defined but never used             no-unused-vars
   382:3   warning  'myTimeout' is not defined                    no-undef
   389:10  warning  'gif23' is defined but never used             no-unused-vars
   394:3   warning  'myTimeout' is not defined                    no-undef
   402:10  warning  'gif60' is defined but never used             no-unused-vars
   407:3   warning  'myTimeout' is not defined                    no-undef
   415:10  warning  'gif24' is defined but never used             no-unused-vars
   420:3   warning  'myTimeout' is not defined                    no-undef
   428:10  warning  'gif61' is defined but never used             no-unused-vars
   433:3   warning  'myTimeout' is not defined                    no-undef
   441:10  warning  'gif25' is defined but never used             no-unused-vars
   446:3   warning  'myTimeout' is not defined                    no-undef
   452:10  warning  'gif62' is defined but never used             no-unused-vars
   457:3   warning  'myTimeout' is not defined                    no-undef
   462:10  warning  'gif26' is defined but never used             no-unused-vars
   467:3   warning  'myTimeout' is not defined                    no-undef
   472:10  warning  'gif27' is defined but never used             no-unused-vars
   477:3   warning  'myTimeout' is not defined                    no-undef
   485:10  warning  'gif64' is defined but never used             no-unused-vars
   490:3   warning  'myTimeout' is not defined                    no-undef
   498:10  warning  'gif28' is defined but never used             no-unused-vars
   503:3   warning  'myTimeout' is not defined                    no-undef
   510:10  warning  'gif65' is defined but never used             no-unused-vars
   515:3   warning  'myTimeout' is not defined                    no-undef
   522:10  warning  'gif29' is defined but never used             no-unused-vars
   527:3   warning  'myTimeout' is not defined                    no-undef
   535:10  warning  'gif66' is defined but never used             no-unused-vars
   540:3   warning  'myTimeout' is not defined                    no-undef
   548:10  warning  'gif30' is defined but never used             no-unused-vars
   553:3   warning  'myTimeout' is not defined                    no-undef
   561:10  warning  'gif67' is defined but never used             no-unused-vars
   566:3   warning  'myTimeout' is not defined                    no-undef
   574:10  warning  'gif68' is defined but never used             no-unused-vars
   579:3   warning  'myTimeout' is not defined                    no-undef
   587:10  warning  'gif69' is defined but never used             no-unused-vars
   592:3   warning  'myTimeout' is not defined                    no-undef
   600:10  warning  'gif70' is defined but never used             no-unused-vars
   605:3   warning  'myTimeout' is not defined                    no-undef
   613:10  warning  'gif31' is defined but never used             no-unused-vars
   618:3   warning  'myTimeout' is not defined                    no-undef
   626:10  warning  'gif32' is defined but never used             no-unused-vars
   631:3   warning  'myTimeout' is not defined                    no-undef
   639:10  warning  'gif33' is defined but never used             no-unused-vars
   644:3   warning  'myTimeout' is not defined                    no-undef
   652:10  warning  'gif34' is defined but never used             no-unused-vars
   657:3   warning  'myTimeout' is not defined                    no-undef
   665:10  warning  'gif75' is defined but never used             no-unused-vars
   670:3   warning  'myTimeout' is not defined                    no-undef
   678:10  warning  'gif35' is defined but never used             no-unused-vars
   683:3   warning  'myTimeout' is not defined                    no-undef
   691:10  warning  'gif76' is defined but never used             no-unused-vars
   696:3   warning  'myTimeout' is not defined                    no-undef
   703:10  warning  'gif36' is defined but never used             no-unused-vars
   708:3   warning  'myTimeout' is not defined                    no-undef
   716:10  warning  'gif37' is defined but never used             no-unused-vars
   721:3   warning  'myTimeout' is not defined                    no-undef
   729:10  warning  'gif38' is defined but never used             no-unused-vars
   734:3   warning  'myTimeout' is not defined                    no-undef
   742:10  warning  'gif39' is defined but never used             no-unused-vars
   747:3   warning  'myTimeout' is not defined                    no-undef
   755:10  warning  'gif40' is defined but never used             no-unused-vars
   760:3   warning  'myTimeout' is not defined                    no-undef
   768:10  warning  'gif41' is defined but never used             no-unused-vars
   773:3   warning  'myTimeout' is not defined                    no-undef
   781:10  warning  'gif42' is defined but never used             no-unused-vars
   786:3   warning  'myTimeout' is not defined                    no-undef
   794:10  warning  'gif43' is defined but never used             no-unused-vars
   799:3   warning  'myTimeout' is not defined                    no-undef
   807:10  warning  'gif44' is defined but never used             no-unused-vars
   812:3   warning  'myTimeout' is not defined                    no-undef
   820:10  warning  'gif45' is defined but never used             no-unused-vars
   825:3   warning  'myTimeout' is not defined                    no-undef
   833:10  warning  'gif46' is defined but never used             no-unused-vars
   838:3   warning  'myTimeout' is not defined                    no-undef
   846:10  warning  'gif47' is defined but never used             no-unused-vars
   851:3   warning  'myTimeout' is not defined                    no-undef
   858:10  warning  'gif48' is defined but never used             no-unused-vars
   863:3   warning  'myTimeout' is not defined                    no-undef
   871:10  warning  'gif49' is defined but never used             no-unused-vars
   876:3   warning  'myTimeout' is not defined                    no-undef
   883:10  warning  'gif50' is defined but never used             no-unused-vars
   888:3   warning  'myTimeout' is not defined                    no-undef
   895:10  warning  'gif79' is defined but never used             no-unused-vars
   900:3   warning  'myTimeout' is not defined                    no-undef
   908:10  warning  'gif51' is defined but never used             no-unused-vars
   913:3   warning  'myTimeout' is not defined                    no-undef
   921:10  warning  'gif52' is defined but never used             no-unused-vars
   926:3   warning  'myTimeout' is not defined                    no-undef
   933:10  warning  'gif53' is defined but never used             no-unused-vars
   938:3   warning  'myTimeout' is not defined                    no-undef
   946:10  warning  'gif53P' is defined but never used            no-unused-vars
   951:3   warning  'myTimeout' is not defined                    no-undef
   959:10  warning  'gif54' is defined but never used             no-unused-vars
   964:3   warning  'myTimeout' is not defined                    no-undef
   972:10  warning  'gif54P' is defined but never used            no-unused-vars
   977:3   warning  'myTimeout' is not defined                    no-undef
   985:10  warning  'gif55' is defined but never used             no-unused-vars
   990:3   warning  'myTimeout' is not defined                    no-undef
   997:10  warning  'gif55P' is defined but never used            no-unused-vars
  1002:3   warning  'myTimeout' is not defined                    no-undef
  1009:10  warning  'gif56' is defined but never used             no-unused-vars
  1014:3   warning  'myTimeout' is not defined                    no-undef
  1021:10  warning  'gif56P' is defined but never used            no-unused-vars
  1026:3   warning  'myTimeout' is not defined                    no-undef
  1033:10  warning  'gif57' is defined but never used             no-unused-vars
  1038:3   warning  'myTimeout' is not defined                    no-undef
  1045:10  warning  'gif57P' is defined but never used            no-unused-vars
  1050:3   warning  'myTimeout' is not defined                    no-undef

/home/runner/work/exp-special-curves-dei/exp-special-curves-dei/experiment/simulation/js/starter.js
   7:5   warning  'myTimeout' is not defined             no-undef
  22:3   warning  'myTimeout' is not defined             no-undef
  37:10  warning  'clipmove1' is defined but never used  no-unused-vars
  46:10  warning  'clipmove2' is defined but never used  no-unused-vars
  55:10  warning  'clipmove3' is defined but never used  no-unused-vars
  64:10  warning  'clipmove4' is defined but never used  no-unused-vars

✖ 165 problems (0 errors, 165 warnings)

